Bringing machine 'default' up with 'virtualbox' provider...
[default] Importing base box 'precise64'...
Progress: 40%Progress: 50%Progress: 60%Progress: 70%Progress: 80%Progress: 90%[default] Matching MAC address for NAT networking...
[default] Setting the name of the VM...
[default] Clearing any previously set forwarded ports...
[default] Creating shared folders metadata...
[default] Clearing any previously set network interfaces...
[default] Preparing network interfaces based on configuration...
[default] Forwarding ports...
[default] -- 22 => 2222 (adapter 1)
[default] Booting VM...
[default] Waiting for machine to boot. This may take a few minutes...
[default] Machine booted and ready!
[default] Mounting shared folders...
[default] -- /vagrant
[default] Running provisioner: shell...
[default] Running: /var/folders/7f/j4bh09f951l31_92b0ncpjkh0000gn/T/vagrant-shell20130908-18479-yobyff
stdin: is not a tty
Reading package lists...
Building dependency tree...
Reading state information...
gcc is already the newest version.
gcc set to manually installed.
The following extra packages will be installed:
  g++-4.6 libstdc++6-4.6-dev
Suggested packages:
  g++-multilib g++-4.6-multilib gcc-4.6-doc libstdc++6-4.6-dbg
  libstdc++6-4.6-doc
The following NEW packages will be installed:
  g++ g++-4.6 libstdc++6-4.6-dev
0 upgraded, 3 newly installed, 0 to remove and 66 not upgraded.
Need to get 8,615 kB of archives.
After this operation, 25.4 MB of additional disk space will be used.
Get:1 http://us.archive.ubuntu.com/ubuntu/ precise/main libstdc++6-4.6-dev amd64 4.6.3-1ubuntu5 [1,660 kB]
Get:2 http://us.archive.ubuntu.com/ubuntu/ precise/main g++-4.6 amd64 4.6.3-1ubuntu5 [6,954 kB]
Get:3 http://us.archive.ubuntu.com/ubuntu/ precise/main g++ amd64 4:4.6.3-1ubuntu5 [1,442 B]
dpkg-preconfigure: unable to re-open stdin: No such file or directory
Fetched 8,615 kB in 1min 56s (73.8 kB/s)
Selecting previously unselected package libstdc++6-4.6-dev.
(Reading database ... 51095 files and directories currently installed.)
Unpacking libstdc++6-4.6-dev (from .../libstdc++6-4.6-dev_4.6.3-1ubuntu5_amd64.deb) ...
Selecting previously unselected package g++-4.6.
Unpacking g++-4.6 (from .../g++-4.6_4.6.3-1ubuntu5_amd64.deb) ...
Selecting previously unselected package g++.
Unpacking g++ (from .../g++_4%3a4.6.3-1ubuntu5_amd64.deb) ...
Processing triggers for man-db ...
Setting up g++-4.6 (4.6.3-1ubuntu5) ...
Setting up g++ (4:4.6.3-1ubuntu5) ...
update-alternatives: using /usr/bin/g++ to provide /usr/bin/c++ (c++) in auto mode.
Setting up libstdc++6-4.6-dev (4.6.3-1ubuntu5) ...
gpg: directory `/root/.gnupg' created
gpg: new configuration file `/root/.gnupg/gpg.conf' created
gpg: WARNING: options in `/root/.gnupg/gpg.conf' are not yet active during this run
gpg: keyring `/root/.gnupg/secring.gpg' created
gpg: keyring `/root/.gnupg/pubring.gpg' created
gpg: requesting key E084DAB9 from hkp server keyserver.ubuntu.com
gpg: /root/.gnupg/trustdb.gpg: trustdb created
gpg: key E084DAB9: public key "Michael Rutter <marutter@gmail.com>" imported
gpg: Total number processed: 1
gpg:               imported: 1  (RSA: 1)
OK
--2013-09-08 23:22:24--  http://apt.typesafe.com/repo-deb-build-0002.deb
Resolving apt.typesafe.com (apt.typesafe.com)... 64.90.48.196
Connecting to apt.typesafe.com (apt.typesafe.com)|64.90.48.196|:80... connected.
HTTP request sent, awaiting response... 200 OK
Length: 2316 (2.3K) [application/x-debian-package]
Saving to: `repo-deb-build-0002.deb'

     0K ..                                                    100% 36.6M=0s

2013-09-08 23:22:24 (36.6 MB/s) - `repo-deb-build-0002.deb' saved [2316/2316]

Selecting previously unselected package typesafe-repo.
(Reading database ... 51859 files and directories currently installed.)
Unpacking typesafe-repo (from repo-deb-build-0002.deb) ...
Setting up typesafe-repo (2.0-build-0003) ...
OK
Get:1 http://apt.typesafe.com unicorn InRelease [7,185 B]
Get:2 http://apt.typesafe.com unicorn/main amd64 Packages [1,262 B]
Get:3 http://apt.typesafe.com unicorn/main i386 Packages [1,262 B]
Ign http://apt.typesafe.com unicorn/main TranslationIndex
Ign http://us.archive.ubuntu.com precise InRelease
Ign http://us.archive.ubuntu.com precise-updates InRelease
Ign http://us.archive.ubuntu.com precise-backports InRelease
Hit http://us.archive.ubuntu.com precise Release.gpg
Get:4 http://us.archive.ubuntu.com precise-updates Release.gpg [198 B]
Ign http://cran.ma.imperial.ac.uk precise/ InRelease
Get:5 http://us.archive.ubuntu.com precise-backports Release.gpg [198 B]
Ign http://apt.typesafe.com unicorn/main Translation-en_US
Hit http://us.archive.ubuntu.com precise Release
Ign http://security.ubuntu.com precise-security InRelease
Ign http://apt.typesafe.com unicorn/main Translation-en
Get:6 http://cran.ma.imperial.ac.uk precise/ Release.gpg [490 B]
Get:7 http://us.archive.ubuntu.com precise-updates Release [49.6 kB]
Get:8 http://security.ubuntu.com precise-security Release.gpg [198 B]
Get:9 http://cran.ma.imperial.ac.uk precise/ Release [2,280 B]
Get:10 http://us.archive.ubuntu.com precise-backports Release [49.6 kB]
Get:11 http://security.ubuntu.com precise-security Release [49.6 kB]
Hit http://us.archive.ubuntu.com precise/main Sources
Hit http://us.archive.ubuntu.com precise/restricted Sources
Hit http://us.archive.ubuntu.com precise/universe Sources
Hit http://us.archive.ubuntu.com precise/multiverse Sources
Hit http://us.archive.ubuntu.com precise/main amd64 Packages
Hit http://us.archive.ubuntu.com precise/restricted amd64 Packages
Hit http://us.archive.ubuntu.com precise/universe amd64 Packages
Hit http://us.archive.ubuntu.com precise/multiverse amd64 Packages
Hit http://us.archive.ubuntu.com precise/main i386 Packages
Get:12 http://cran.ma.imperial.ac.uk precise/ Packages [46.5 kB]
Hit http://us.archive.ubuntu.com precise/restricted i386 Packages
Hit http://us.archive.ubuntu.com precise/universe i386 Packages
Hit http://us.archive.ubuntu.com precise/multiverse i386 Packages
Hit http://us.archive.ubuntu.com precise/main TranslationIndex
Hit http://us.archive.ubuntu.com precise/multiverse TranslationIndex
Hit http://us.archive.ubuntu.com precise/restricted TranslationIndex
Hit http://us.archive.ubuntu.com precise/universe TranslationIndex
Get:13 http://us.archive.ubuntu.com precise-updates/main Sources [416 kB]
Get:14 http://security.ubuntu.com precise-security/main Sources [84.9 kB]
Get:15 http://us.archive.ubuntu.com precise-updates/restricted Sources [7,031 B]
Get:16 http://us.archive.ubuntu.com precise-updates/universe Sources [95.3 kB]
Get:17 http://us.archive.ubuntu.com precise-updates/multiverse Sources [8,358 B]
Get:18 http://us.archive.ubuntu.com precise-updates/main amd64 Packages [687 kB]
Get:19 http://security.ubuntu.com precise-security/restricted Sources [2,494 B]
Get:20 http://security.ubuntu.com precise-security/universe Sources [28.0 kB]
Get:21 http://security.ubuntu.com precise-security/multiverse Sources [1,803 B]
Get:22 http://security.ubuntu.com precise-security/main amd64 Packages [312 kB]
Get:23 http://security.ubuntu.com precise-security/restricted amd64 Packages [4,627 B]
Get:24 http://security.ubuntu.com precise-security/universe amd64 Packages [81.3 kB]
Get:25 http://security.ubuntu.com precise-security/multiverse amd64 Packages [2,442 B]
Get:26 http://security.ubuntu.com precise-security/main i386 Packages [331 kB]
Get:27 http://us.archive.ubuntu.com precise-updates/restricted amd64 Packages [11.5 kB]
Get:28 http://us.archive.ubuntu.com precise-updates/universe amd64 Packages [215 kB]
Ign http://cran.ma.imperial.ac.uk precise/ Translation-en_US
Get:29 http://us.archive.ubuntu.com precise-updates/multiverse amd64 Packages [13.8 kB]
Get:30 http://us.archive.ubuntu.com precise-updates/main i386 Packages [707 kB]
Get:31 http://security.ubuntu.com precise-security/restricted i386 Packages [4,620 B]
Get:32 http://security.ubuntu.com precise-security/universe i386 Packages [84.5 kB]
Ign http://cran.ma.imperial.ac.uk precise/ Translation-en
Get:33 http://security.ubuntu.com precise-security/multiverse i386 Packages [2,633 B]
Get:34 http://security.ubuntu.com precise-security/main TranslationIndex [74 B]
Get:35 http://security.ubuntu.com precise-security/multiverse TranslationIndex [72 B]
Get:36 http://security.ubuntu.com precise-security/restricted TranslationIndex [72 B]
Get:37 http://security.ubuntu.com precise-security/universe TranslationIndex [73 B]
Get:38 http://security.ubuntu.com precise-security/main Translation-en [150 kB]
Get:39 http://security.ubuntu.com precise-security/multiverse Translation-en [1,299 B]
Get:40 http://security.ubuntu.com precise-security/restricted Translation-en [1,253 B]
Get:41 http://us.archive.ubuntu.com precise-updates/restricted i386 Packages [11.4 kB]
Get:42 http://us.archive.ubuntu.com precise-updates/universe i386 Packages [219 kB]
Get:43 http://security.ubuntu.com precise-security/universe Translation-en [51.9 kB]
Get:44 http://us.archive.ubuntu.com precise-updates/multiverse i386 Packages [14.0 kB]
Get:45 http://us.archive.ubuntu.com precise-updates/main TranslationIndex [3,564 B]
Get:46 http://us.archive.ubuntu.com precise-updates/multiverse TranslationIndex [2,605 B]
Get:47 http://us.archive.ubuntu.com precise-updates/restricted TranslationIndex [2,461 B]
Get:48 http://us.archive.ubuntu.com precise-updates/universe TranslationIndex [2,850 B]
Get:49 http://us.archive.ubuntu.com precise-backports/main Sources [2,935 B]
Get:50 http://us.archive.ubuntu.com precise-backports/restricted Sources [14 B]
Get:51 http://us.archive.ubuntu.com precise-backports/universe Sources [35.2 kB]
Get:52 http://us.archive.ubuntu.com precise-backports/multiverse Sources [5,311 B]
Get:53 http://us.archive.ubuntu.com precise-backports/main amd64 Packages [2,378 B]
Get:54 http://us.archive.ubuntu.com precise-backports/restricted amd64 Packages [14 B]
Get:55 http://us.archive.ubuntu.com precise-backports/universe amd64 Packages [36.2 kB]
Get:56 http://us.archive.ubuntu.com precise-backports/multiverse amd64 Packages [5,206 B]
Get:57 http://us.archive.ubuntu.com precise-backports/main i386 Packages [2,390 B]
Get:58 http://us.archive.ubuntu.com precise-backports/restricted i386 Packages [14 B]
Get:59 http://us.archive.ubuntu.com precise-backports/universe i386 Packages [36.1 kB]
Get:60 http://us.archive.ubuntu.com precise-backports/multiverse i386 Packages [5,178 B]
Get:61 http://us.archive.ubuntu.com precise-backports/main TranslationIndex [72 B]
Get:62 http://us.archive.ubuntu.com precise-backports/multiverse TranslationIndex [72 B]
Get:63 http://us.archive.ubuntu.com precise-backports/restricted TranslationIndex [70 B]
Get:64 http://us.archive.ubuntu.com precise-backports/universe TranslationIndex [73 B]
Hit http://us.archive.ubuntu.com precise/main Translation-en
Hit http://us.archive.ubuntu.com precise/multiverse Translation-en
Hit http://us.archive.ubuntu.com precise/restricted Translation-en
Hit http://us.archive.ubuntu.com precise/universe Translation-en
Get:65 http://us.archive.ubuntu.com precise-updates/main Translation-en [310 kB]
Get:66 http://us.archive.ubuntu.com precise-updates/multiverse Translation-en [8,064 B]
Get:67 http://us.archive.ubuntu.com precise-updates/restricted Translation-en [2,637 B]
Get:68 http://us.archive.ubuntu.com precise-updates/universe Translation-en [126 kB]
Get:69 http://us.archive.ubuntu.com precise-backports/main Translation-en [1,512 B]
Get:70 http://us.archive.ubuntu.com precise-backports/multiverse Translation-en [4,610 B]
Hit http://us.archive.ubuntu.com precise-backports/restricted Translation-en
Get:71 http://us.archive.ubuntu.com precise-backports/universe Translation-en [26.5 kB]
Fetched 4,379 kB in 4s (907 kB/s)
Reading package lists...
Reading package lists...
Building dependency tree...
Reading state information...
The following packages have been kept back:
  linux-headers-server linux-image-server linux-server
The following packages will be upgraded:
  accountsservice apparmor apt apt-transport-https apt-utils aptitude
  base-files bash bash-completion bind9-host binutils busybox-initramfs
  busybox-static coreutils cron dbus dmsetup dnsutils dosfstools dpkg gnupg
  gpgv grub-common grub-pc grub-pc-bin grub2-common hdparm initramfs-tools
  initramfs-tools-bin initscripts iptables isc-dhcp-client isc-dhcp-common
  krb5-locales language-pack-en language-pack-en-base language-pack-gnome-en
  language-pack-gnome-en-base language-selector-common libaccountsservice0
  libapt-inst1.4 libapt-pkg4.12 libasn1-8-heimdal libbind9-80 libc-bin
  libc-dev-bin libc6 libc6-dev libcurl3-gnutls libdbus-1-3 libdbus-glib-1-2
  libdevmapper-event1.02.1 libdevmapper1.02.1 libdns81 libdrm-intel1
  libdrm-nouveau1a libdrm-radeon1 libdrm2 libexpat1 libfreetype6 libgcrypt11
  libglib2.0-0 libgnutls26 libgssapi-krb5-2 libgssapi3-heimdal libgssglue1
  libhcrypto4-heimdal libheimbase1-heimdal libheimntlm0-heimdal
  libhx509-5-heimdal libisc83 libisccc80 libisccfg82 libk5crypto3
  libkrb5-26-heimdal libkrb5-3 libkrb5support0 libldap-2.4-2 liblwres80
  libnih-dbus1 libnih1 libparted0debian1 libpci3 libpciaccess0 libplymouth2
  libpolkit-gobject-1-0 libroken18-heimdal libsasl2-2 libsasl2-modules
  libsqlite3-0 libssl-dev libssl-doc libssl1.0.0 libtasn1-3 libudev0
  libwind0-heimdal libx11-6 libx11-data libxcb1 libxext6 libxml2
  linux-firmware linux-libc-dev login lsb-base lsb-release lvm2 man-db
  mountall multiarch-support nfs-common ntfs-3g ntpdate openssh-client
  openssh-server openssl parted passwd pciutils perl perl-base perl-modules
  plymouth plymouth-theme-ubuntu-text psmisc python python-apt
  python-apt-common python-gi python-minimal python2.7 python2.7-minimal
  resolvconf rpcbind rsyslog sudo sysv-rc sysvinit-utils tzdata ubuntu-keyring
  ubuntu-minimal ubuntu-standard udev update-manager-core upstart vim-common
  vim-tiny xkb-data
148 upgraded, 0 newly installed, 0 to remove and 3 not upgraded.
Need to get 91.0 MB of archives.
After this operation, 1,361 kB of additional disk space will be used.
Do you want to continue [Y/n]? Abort.
Reading package lists...
Building dependency tree...
Reading state information...
The following extra packages will be installed:
  autoconf automake autotools-dev build-essential cdbs debhelper dh-apparmor
  dh-translations dpkg-dev fakeroot fontconfig fontconfig-config gettext
  gfortran gfortran-4.6 html2text intltool intltool-debian
  libalgorithm-diff-perl libalgorithm-diff-xs-perl libalgorithm-merge-perl
  libblas-dev libblas3gf libbz2-dev libcairo2 libcroco3 libdatrie1
  libdpkg-perl libencode-locale-perl libfile-basedir-perl
  libfile-desktopentry-perl libfile-listing-perl libfile-mimeinfo-perl
  libfont-afm-perl libfontconfig1 libfontenc1 libgettextpo0 libgfortran3
  libgl1-mesa-dri libgl1-mesa-glx libglapi-mesa libhtml-form-perl
  libhtml-format-perl libhtml-parser-perl libhtml-tagset-perl
  libhtml-tree-perl libhttp-cookies-perl libhttp-daemon-perl libhttp-date-perl
  libhttp-message-perl libhttp-negotiate-perl libice6 libio-socket-inet6-perl
  libio-socket-ssl-perl libjpeg-dev libjpeg-turbo8 libjpeg-turbo8-dev libjpeg8
  libjpeg8-dev liblapack-dev liblapack3gf libllvm3.0 liblwp-mediatypes-perl
  liblwp-protocol-https-perl libmail-sendmail-perl libmailtools-perl
  libncurses5-dev libnet-http-perl libnet-ssleay-perl libpango1.0-0
  libpaper-utils libpaper1 libpcre3-dev libpcrecpp0 libpixman-1-0 libpng12-dev
  libsm6 libsocket6-perl libsys-hostname-long-perl libthai-data libthai0
  libtiff4 libunistring0 liburi-perl libutempter0 libwww-perl
  libwww-robotrules-perl libx11-xcb1 libxaw7 libxcb-glx0 libxcb-render0
  libxcb-shape0 libxcb-shm0 libxcomposite1 libxcursor1 libxdamage1 libxfixes3
  libxft2 libxi6 libxinerama1 libxml-parser-perl libxmu6 libxpm4 libxrandr2
  libxrender1 libxss1 libxt6 libxtst6 libxv1 libxxf86dga1 libxxf86vm1 m4 make
  patch po-debconf python-scour r-base-core r-base-dev r-base-html r-cran-boot
  r-cran-class r-cran-cluster r-cran-codetools r-cran-foreign
  r-cran-kernsmooth r-cran-lattice r-cran-mass r-cran-matrix r-cran-mgcv
  r-cran-nlme r-cran-nnet r-cran-rpart r-cran-spatial r-cran-survival
  r-doc-html r-recommended shared-mime-info tcl8.5 tk8.5 ttf-dejavu-core unzip
  x11-common x11-utils x11-xserver-utils xbitmaps xdg-utils xterm zip
Suggested packages:
  autoconf2.13 autoconf-archive gnu-standards autoconf-doc libtool devscripts
  dh-make debian-keyring gettext-doc gfortran-multilib gfortran-doc
  gfortran-4.6-multilib gfortran-4.6-doc libgfortran3-dbg libglide3
  libdata-dump-perl libcrypt-ssleay-perl ncurses-doc ttf-baekmuk
  ttf-arphic-gbsn00lp ttf-arphic-bsmi00lp ttf-arphic-gkai00mp
  ttf-arphic-bkai00mp libauthen-ntlm-perl make-doc diffutils-doc
  libmail-box-perl python-rsvg python-cairo ess r-doc-info r-doc-pdf r-mathlib
  texlive-base texlive-latex-base texlive-generic-recommended
  texlive-fonts-recommended texlive-fonts-extra texlive-extra-utils
  texlive-latex-recommended texlive-latex-extra texinfo texi2html mozilla
  www-browser tclreadline mesa-utils nickle cairo-5c xorg-docs-core gvfs-bin
  xfonts-cyrillic
The following NEW packages will be installed:
  autoconf automake autotools-dev build-essential cdbs debhelper dh-apparmor
  dh-translations dpkg-dev fakeroot fontconfig fontconfig-config gettext
  gfortran gfortran-4.6 html2text intltool intltool-debian
  libalgorithm-diff-perl libalgorithm-diff-xs-perl libalgorithm-merge-perl
  libblas-dev libblas3gf libbz2-dev libcairo2 libcroco3 libdatrie1
  libdpkg-perl libencode-locale-perl libfile-basedir-perl
  libfile-desktopentry-perl libfile-listing-perl libfile-mimeinfo-perl
  libfont-afm-perl libfontconfig1 libfontenc1 libgettextpo0 libgfortran3
  libgl1-mesa-dri libgl1-mesa-glx libglapi-mesa libhtml-form-perl
  libhtml-format-perl libhtml-parser-perl libhtml-tagset-perl
  libhtml-tree-perl libhttp-cookies-perl libhttp-daemon-perl libhttp-date-perl
  libhttp-message-perl libhttp-negotiate-perl libice6 libio-socket-inet6-perl
  libio-socket-ssl-perl libjpeg-dev libjpeg-turbo8 libjpeg-turbo8-dev libjpeg8
  libjpeg8-dev liblapack-dev liblapack3gf libllvm3.0 liblwp-mediatypes-perl
  liblwp-protocol-https-perl libmail-sendmail-perl libmailtools-perl
  libncurses5-dev libnet-http-perl libnet-ssleay-perl libpango1.0-0
  libpaper-utils libpaper1 libpcre3-dev libpcrecpp0 libpixman-1-0 libpng12-dev
  libsm6 libsocket6-perl libsys-hostname-long-perl libthai-data libthai0
  libtiff4 libunistring0 liburi-perl libutempter0 libwww-perl
  libwww-robotrules-perl libx11-xcb1 libxaw7 libxcb-glx0 libxcb-render0
  libxcb-shape0 libxcb-shm0 libxcomposite1 libxcursor1 libxdamage1 libxfixes3
  libxft2 libxi6 libxinerama1 libxml-parser-perl libxmu6 libxpm4 libxrandr2
  libxrender1 libxss1 libxt6 libxtst6 libxv1 libxxf86dga1 libxxf86vm1 m4 make
  patch po-debconf python-scour r-base r-base-core r-base-dev r-base-html
  r-cran-boot r-cran-class r-cran-cluster r-cran-codetools r-cran-foreign
  r-cran-kernsmooth r-cran-lattice r-cran-mass r-cran-matrix r-cran-mgcv
  r-cran-nlme r-cran-nnet r-cran-rpart r-cran-spatial r-cran-survival
  r-doc-html r-recommended shared-mime-info tcl8.5 tk8.5 ttf-dejavu-core unzip
  x11-common x11-utils x11-xserver-utils xbitmaps xdg-utils xterm zip
0 upgraded, 149 newly installed, 0 to remove and 151 not upgraded.
Need to get 79.4 MB of archives.
After this operation, 188 MB of additional disk space will be used.
Get:1 http://us.archive.ubuntu.com/ubuntu/ precise/main ttf-dejavu-core all 2.33-2ubuntu1 [1,552 kB]
Get:2 http://cran.ma.imperial.ac.uk/bin/linux/ubuntu/ precise/ r-base-core 3.0.1-6precise0 [21.6 MB]
Get:3 http://cran.ma.imperial.ac.uk/bin/linux/ubuntu/ precise/ r-cran-boot 1.3-9-1precise0 [575 kB]
Get:4 http://cran.ma.imperial.ac.uk/bin/linux/ubuntu/ precise/ r-cran-cluster 1.14.4-1precise0 [474 kB]
Get:5 http://cran.ma.imperial.ac.uk/bin/linux/ubuntu/ precise/ r-cran-foreign 0.8.55-1precise0 [226 kB]
Get:6 http://cran.ma.imperial.ac.uk/bin/linux/ubuntu/ precise/ r-cran-mass 7.3-29-1precise0 [1,044 kB]
Get:7 http://cran.ma.imperial.ac.uk/bin/linux/ubuntu/ precise/ r-cran-kernsmooth 2.23-10-2precise0 [85.4 kB]
Get:8 http://cran.ma.imperial.ac.uk/bin/linux/ubuntu/ precise/ r-cran-lattice 0.20-23-1precise0 [725 kB]
Get:9 http://cran.ma.imperial.ac.uk/bin/linux/ubuntu/ precise/ r-cran-nlme 3.1.111-1precise0 [2,089 kB]
Get:10 http://cran.ma.imperial.ac.uk/bin/linux/ubuntu/ precise/ r-cran-matrix 1.0-12-1precise0 [3,119 kB]
Get:11 http://cran.ma.imperial.ac.uk/bin/linux/ubuntu/ precise/ r-cran-mgcv 1.7-24-1precise0 [1,426 kB]
Get:12 http://cran.ma.imperial.ac.uk/bin/linux/ubuntu/ precise/ r-cran-survival 2.37-4-2precise0 [2,985 kB]
Get:13 http://cran.ma.imperial.ac.uk/bin/linux/ubuntu/ precise/ r-cran-rpart 4.1-3-1precise0 [880 kB]
Get:14 http://cran.ma.imperial.ac.uk/bin/linux/ubuntu/ precise/ r-cran-class 7.3-9-1precise0 [83.9 kB]
Get:15 http://cran.ma.imperial.ac.uk/bin/linux/ubuntu/ precise/ r-cran-nnet 7.3-7-1precise0 [99.9 kB]
Get:16 http://cran.ma.imperial.ac.uk/bin/linux/ubuntu/ precise/ r-cran-spatial 7.3-6-1precise0 [129 kB]
Get:17 http://cran.ma.imperial.ac.uk/bin/linux/ubuntu/ precise/ r-cran-codetools 0.2-8-2precise0 [45.5 kB]
Get:18 http://cran.ma.imperial.ac.uk/bin/linux/ubuntu/ precise/ r-recommended 3.0.1-6precise0 [2,686 B]
Get:19 http://cran.ma.imperial.ac.uk/bin/linux/ubuntu/ precise/ r-base 3.0.1-6precise0 [38.1 kB]
Get:20 http://cran.ma.imperial.ac.uk/bin/linux/ubuntu/ precise/ r-base-dev 3.0.1-6precise0 [3,906 B]
Get:21 http://cran.ma.imperial.ac.uk/bin/linux/ubuntu/ precise/ r-doc-html 3.0.1-6precise0 [655 kB]
Get:22 http://cran.ma.imperial.ac.uk/bin/linux/ubuntu/ precise/ r-base-html 3.0.1-6precise0 [93.0 kB]
Get:23 http://us.archive.ubuntu.com/ubuntu/ precise-updates/main fontconfig-config all 2.8.0-3ubuntu9.1 [44.4 kB]
Get:24 http://us.archive.ubuntu.com/ubuntu/ precise-updates/main libfontconfig1 amd64 2.8.0-3ubuntu9.1 [125 kB]
Get:25 http://us.archive.ubuntu.com/ubuntu/ precise/main libpixman-1-0 amd64 0.24.4-1 [228 kB]
Get:26 http://us.archive.ubuntu.com/ubuntu/ precise-updates/main libxcb-render0 amd64 1.8.1-1ubuntu0.2 [13.3 kB]
Get:27 http://us.archive.ubuntu.com/ubuntu/ precise-updates/main libxcb-shm0 amd64 1.8.1-1ubuntu0.2 [5,516 B]
Get:28 http://us.archive.ubuntu.com/ubuntu/ precise-updates/main libxrender1 amd64 1:0.9.6-2ubuntu0.1 [20.6 kB]
Get:29 http://us.archive.ubuntu.com/ubuntu/ precise-updates/main libcairo2 amd64 1.10.2-6.1ubuntu3 [467 kB]
Get:30 http://us.archive.ubuntu.com/ubuntu/ precise-updates/main libcroco3 amd64 0.6.5-1ubuntu0.1 [99.8 kB]
Get:31 http://us.archive.ubuntu.com/ubuntu/ precise/main libdatrie1 amd64 0.2.5-3 [16.4 kB]
Get:32 http://us.archive.ubuntu.com/ubuntu/ precise/main libunistring0 amd64 0.9.3-5 [427 kB]
Get:33 http://us.archive.ubuntu.com/ubuntu/ precise/main libgettextpo0 amd64 0.18.1.1-5ubuntu3 [120 kB]
Get:34 http://us.archive.ubuntu.com/ubuntu/ precise/main libgfortran3 amd64 4.6.3-1ubuntu5 [357 kB]
Get:35 http://us.archive.ubuntu.com/ubuntu/ precise-updates/main libglapi-mesa amd64 8.0.4-0ubuntu0.6 [21.4 kB]
Get:36 http://us.archive.ubuntu.com/ubuntu/ precise-updates/main libx11-xcb1 amd64 2:1.4.99.1-0ubuntu2.1 [10.5 kB]
Get:37 http://us.archive.ubuntu.com/ubuntu/ precise-updates/main libxcb-glx0 amd64 1.8.1-1ubuntu0.2 [26.4 kB]
Get:38 http://us.archive.ubuntu.com/ubuntu/ precise/main libxdamage1 amd64 1:1.1.3-2build1 [7,560 B]
Get:39 http://us.archive.ubuntu.com/ubuntu/ precise-updates/main libxfixes3 amd64 1:5.0-4ubuntu4.1 [12.5 kB]
Get:40 http://us.archive.ubuntu.com/ubuntu/ precise-updates/main libxxf86vm1 amd64 1:1.1.1-2ubuntu0.1 [11.9 kB]
Get:41 http://us.archive.ubuntu.com/ubuntu/ precise-updates/main libgl1-mesa-glx amd64 8.0.4-0ubuntu0.6 [104 kB]
Get:42 http://us.archive.ubuntu.com/ubuntu/ precise-updates/main x11-common all 1:7.6+12ubuntu2 [52.0 kB]
Get:43 http://us.archive.ubuntu.com/ubuntu/ precise/main libice6 amd64 2:1.0.7-2build1 [46.1 kB]
Get:44 http://us.archive.ubuntu.com/ubuntu/ precise-updates/main libjpeg-turbo8 amd64 1.1.90+svn733-0ubuntu4.1 [111 kB]
Get:45 http://us.archive.ubuntu.com/ubuntu/ precise/main libllvm3.0 amd64 3.0-4ubuntu1 [7,456 kB]
Get:46 http://us.archive.ubuntu.com/ubuntu/ precise/main libthai-data all 0.1.16-3 [179 kB]
Get:47 http://us.archive.ubuntu.com/ubuntu/ precise/main libthai0 amd64 0.1.16-3 [19.7 kB]
Get:48 http://us.archive.ubuntu.com/ubuntu/ precise/main libxft2 amd64 2.2.0-3ubuntu2 [42.3 kB]
Get:49 http://us.archive.ubuntu.com/ubuntu/ precise-updates/main fontconfig amd64 2.8.0-3ubuntu9.1 [156 kB]
Get:50 http://us.archive.ubuntu.com/ubuntu/ precise-updates/main libpango1.0-0 amd64 1.30.0-0ubuntu3.1 [363 kB]
Get:51 http://us.archive.ubuntu.com/ubuntu/ precise/main libpcrecpp0 amd64 8.12-4 [16.2 kB]
Get:52 http://us.archive.ubuntu.com/ubuntu/ precise/main libsm6 amd64 2:1.2.0-2build1 [18.1 kB]
Get:53 http://us.archive.ubuntu.com/ubuntu/ precise/main libjpeg8 amd64 8c-2ubuntu7 [2,112 B]
Get:54 http://us.archive.ubuntu.com/ubuntu/ precise-updates/main libtiff4 amd64 3.9.5-2ubuntu1.5 [145 kB]
Get:55 http://us.archive.ubuntu.com/ubuntu/ precise-updates/main libxt6 amd64 1:1.1.1-2ubuntu0.1 [186 kB]
Get:56 http://us.archive.ubuntu.com/ubuntu/ precise/main libxmu6 amd64 2:1.1.0-3 [52.7 kB]
Get:57 http://us.archive.ubuntu.com/ubuntu/ precise/main libxpm4 amd64 1:3.5.9-4 [37.0 kB]
Get:58 http://us.archive.ubuntu.com/ubuntu/ precise/main libxaw7 amd64 2:1.0.9-3ubuntu1 [201 kB]
Get:59 http://us.archive.ubuntu.com/ubuntu/ precise-updates/main libxcb-shape0 amd64 1.8.1-1ubuntu0.2 [6,244 B]
Get:60 http://us.archive.ubuntu.com/ubuntu/ precise/main libxcomposite1 amd64 1:0.4.3-2build1 [7,708 B]
Get:61 http://us.archive.ubuntu.com/ubuntu/ precise-updates/main libxcursor1 amd64 1:1.1.12-1ubuntu0.1 [22.7 kB]
Get:62 http://us.archive.ubuntu.com/ubuntu/ precise-updates/main libxi6 amd64 2:1.6.0-0ubuntu2.1 [30.8 kB]
Get:63 http://us.archive.ubuntu.com/ubuntu/ precise-updates/main libxinerama1 amd64 2:1.1.1-3ubuntu0.1 [8,072 B]
Get:64 http://us.archive.ubuntu.com/ubuntu/ precise-updates/main libxrandr2 amd64 2:1.3.2-2ubuntu0.2 [17.5 kB]
Get:65 http://us.archive.ubuntu.com/ubuntu/ precise/main libxss1 amd64 1:1.2.1-2 [8,646 B]
Get:66 http://us.archive.ubuntu.com/ubuntu/ precise-updates/main libxtst6 amd64 2:1.2.0-4ubuntu0.1 [13.9 kB]
Get:67 http://us.archive.ubuntu.com/ubuntu/ precise-updates/main libxv1 amd64 2:1.0.6-2ubuntu0.1 [12.4 kB]
Get:68 http://us.archive.ubuntu.com/ubuntu/ precise/main m4 amd64 1.4.16-2ubuntu1 [200 kB]
Get:69 http://us.archive.ubuntu.com/ubuntu/ precise/main autoconf all 2.68-1ubuntu2 [560 kB]
Get:70 http://us.archive.ubuntu.com/ubuntu/ precise/main autotools-dev all 20120210.1ubuntu1 [42.4 kB]
Get:71 http://us.archive.ubuntu.com/ubuntu/ precise/main automake all 1:1.11.3-1ubuntu2 [571 kB]
Get:72 http://us.archive.ubuntu.com/ubuntu/ precise-updates/main make amd64 3.81-8.1ubuntu1.1 [119 kB]
Get:73 http://us.archive.ubuntu.com/ubuntu/ precise-updates/main libdpkg-perl all 1.16.1.2ubuntu7.1 [180 kB]
Get:74 http://us.archive.ubuntu.com/ubuntu/ precise/main patch amd64 2.6.1-3 [80.2 kB]
Get:75 http://us.archive.ubuntu.com/ubuntu/ precise-updates/main dpkg-dev all 1.16.1.2ubuntu7.1 [469 kB]
Get:76 http://us.archive.ubuntu.com/ubuntu/ precise-updates/main build-essential amd64 11.5ubuntu2.1 [5,816 B]
Get:77 http://us.archive.ubuntu.com/ubuntu/ precise/main html2text amd64 1.3.2a-15 [104 kB]
Get:78 http://us.archive.ubuntu.com/ubuntu/ precise/main gettext amd64 0.18.1.1-5ubuntu3 [1,188 kB]
Get:79 http://us.archive.ubuntu.com/ubuntu/ precise/main intltool-debian all 0.35.0+20060710.1 [31.6 kB]
Get:80 http://us.archive.ubuntu.com/ubuntu/ precise/main po-debconf all 1.0.16+nmu2ubuntu1 [210 kB]
Get:81 http://us.archive.ubuntu.com/ubuntu/ precise-updates/main dh-apparmor all 2.7.102-0ubuntu3.9 [8,950 B]
Get:82 http://us.archive.ubuntu.com/ubuntu/ precise/main debhelper all 9.20120115ubuntu3 [616 kB]
Get:83 http://us.archive.ubuntu.com/ubuntu/ precise/main liburi-perl all 1.59-1 [90.3 kB]
Get:84 http://us.archive.ubuntu.com/ubuntu/ precise/main libencode-locale-perl all 1.02-2 [12.0 kB]
Get:85 http://us.archive.ubuntu.com/ubuntu/ precise/main libhttp-date-perl all 6.00-1 [10.1 kB]
Get:86 http://us.archive.ubuntu.com/ubuntu/ precise/main libfile-listing-perl all 6.03-1 [9,690 B]
Get:87 http://us.archive.ubuntu.com/ubuntu/ precise/main libhtml-tagset-perl all 3.20-2 [13.5 kB]
Get:88 http://us.archive.ubuntu.com/ubuntu/ precise/main libhtml-parser-perl amd64 3.69-1build1 [97.3 kB]
Get:89 http://us.archive.ubuntu.com/ubuntu/ precise/main libhtml-tree-perl all 4.2-1 [205 kB]
Get:90 http://us.archive.ubuntu.com/ubuntu/ precise/main liblwp-mediatypes-perl all 6.01-1 [17.5 kB]
Get:91 http://us.archive.ubuntu.com/ubuntu/ precise/main libhttp-message-perl all 6.01-1 [77.6 kB]
Get:92 http://us.archive.ubuntu.com/ubuntu/ precise/main libhttp-cookies-perl all 6.00-2 [23.3 kB]
Get:93 http://us.archive.ubuntu.com/ubuntu/ precise/main libhttp-negotiate-perl all 6.00-2 [13.4 kB]
Get:94 http://us.archive.ubuntu.com/ubuntu/ precise/main libnet-http-perl all 6.02-1 [23.5 kB]
Get:95 http://us.archive.ubuntu.com/ubuntu/ precise/main libnet-ssleay-perl amd64 1.42-1build1 [188 kB]
Get:96 http://us.archive.ubuntu.com/ubuntu/ precise/main libio-socket-ssl-perl all 1.53-1 [47.5 kB]
Get:97 http://us.archive.ubuntu.com/ubuntu/ precise/main liblwp-protocol-https-perl all 6.02-1 [6,746 B]
Get:98 http://us.archive.ubuntu.com/ubuntu/ precise/main libwww-robotrules-perl all 6.01-1 [14.1 kB]
Get:99 http://us.archive.ubuntu.com/ubuntu/ precise/main libwww-perl all 6.03-1 [156 kB]
Get:100 http://us.archive.ubuntu.com/ubuntu/ precise/main libxml-parser-perl amd64 2.41-1build1 [265 kB]
Get:101 http://us.archive.ubuntu.com/ubuntu/ precise/main intltool all 0.50.2-2 [52.0 kB]
Get:102 http://us.archive.ubuntu.com/ubuntu/ precise/main dh-translations all 116 [21.6 kB]
Get:103 http://us.archive.ubuntu.com/ubuntu/ precise/main python-scour all 0.26-3 [46.5 kB]
Get:104 http://us.archive.ubuntu.com/ubuntu/ precise/main cdbs all 0.4.100ubuntu2 [47.6 kB]
Get:105 http://us.archive.ubuntu.com/ubuntu/ precise/main fakeroot amd64 1.18.2-1 [87.2 kB]
Get:106 http://us.archive.ubuntu.com/ubuntu/ precise/main gfortran-4.6 amd64 4.6.3-1ubuntu5 [5,579 kB]
Get:107 http://us.archive.ubuntu.com/ubuntu/ precise/main gfortran amd64 4:4.6.3-1ubuntu5 [1,206 B]
Get:108 http://us.archive.ubuntu.com/ubuntu/ precise/main libalgorithm-diff-perl all 1.19.02-2 [50.7 kB]
Get:109 http://us.archive.ubuntu.com/ubuntu/ precise/main libalgorithm-diff-xs-perl amd64 0.04-2build2 [12.4 kB]
Get:110 http://us.archive.ubuntu.com/ubuntu/ precise/main libalgorithm-merge-perl all 0.08-2 [12.7 kB]
Get:111 http://us.archive.ubuntu.com/ubuntu/ precise/main libblas3gf amd64 1.2.20110419-2ubuntu1 [287 kB]
Get:112 http://us.archive.ubuntu.com/ubuntu/ precise/main libblas-dev amd64 1.2.20110419-2ubuntu1 [302 kB]
Get:113 http://us.archive.ubuntu.com/ubuntu/ precise/main libbz2-dev amd64 1.0.6-1 [32.4 kB]
Get:114 http://us.archive.ubuntu.com/ubuntu/ precise/main libfile-basedir-perl all 0.03-1fakesync1 [10.5 kB]
Get:115 http://us.archive.ubuntu.com/ubuntu/ precise/main libfile-desktopentry-perl all 0.04-3 [18.6 kB]
Get:116 http://us.archive.ubuntu.com/ubuntu/ precise-updates/main shared-mime-info amd64 1.0-0ubuntu4.1 [496 kB]
Get:117 http://us.archive.ubuntu.com/ubuntu/ precise/main libfile-mimeinfo-perl all 0.15-2 [49.5 kB]
Get:118 http://us.archive.ubuntu.com/ubuntu/ precise/main libfont-afm-perl all 1.20-1 [14.3 kB]
Get:119 http://us.archive.ubuntu.com/ubuntu/ precise/main libfontenc1 amd64 1:1.1.0-1 [15.4 kB]
Get:120 http://us.archive.ubuntu.com/ubuntu/ precise-updates/main libgl1-mesa-dri amd64 8.0.4-0ubuntu0.6 [3,087 kB]
Get:121 http://us.archive.ubuntu.com/ubuntu/ precise/main libhtml-form-perl all 6.00-1 [22.8 kB]
Get:122 http://us.archive.ubuntu.com/ubuntu/ precise/main libhtml-form-perl all 6.00-1 [22.8 kB]
Get:123 http://us.archive.ubuntu.com/ubuntu/ precise/main libhtml-format-perl all 2.10-1 [40.6 kB]
Get:124 http://us.archive.ubuntu.com/ubuntu/ precise/main libhttp-daemon-perl all 6.00-1 [16.7 kB]
Get:125 http://us.archive.ubuntu.com/ubuntu/ precise/main libsocket6-perl amd64 0.23-1build2 [21.9 kB]
Get:126 http://us.archive.ubuntu.com/ubuntu/ precise/main libio-socket-inet6-perl all 2.69-2 [14.3 kB]
Get:127 http://us.archive.ubuntu.com/ubuntu/ precise-updates/main libjpeg-turbo8-dev amd64 1.1.90+svn733-0ubuntu4.1 [391 kB]
Get:128 http://us.archive.ubuntu.com/ubuntu/ precise/main libjpeg8-dev amd64 8c-2ubuntu7 [1,544 B]
Get:129 http://us.archive.ubuntu.com/ubuntu/ precise/main libjpeg-dev all 8c-2ubuntu7 [1,536 B]
Get:130 http://us.archive.ubuntu.com/ubuntu/ precise/main liblapack3gf amd64 3.3.1-1 [4,424 kB]
Get:131 http://us.archive.ubuntu.com/ubuntu/ precise/main liblapack-dev amd64 3.3.1-1 [4,873 kB]
Get:132 http://us.archive.ubuntu.com/ubuntu/ precise/main libsys-hostname-long-perl all 1.4-2 [11.4 kB]
Get:133 http://us.archive.ubuntu.com/ubuntu/ precise/main libmail-sendmail-perl all 0.79.16-1 [26.5 kB]
Get:134 http://us.archive.ubuntu.com/ubuntu/ precise/main libmailtools-perl all 2.08-1 [84.0 kB]
Get:135 http://us.archive.ubuntu.com/ubuntu/ precise/main libncurses5-dev amd64 5.9-4 [222 kB]
Get:136 http://us.archive.ubuntu.com/ubuntu/ precise/main libpaper1 amd64 1.1.24+nmu1build1 [14.2 kB]
Get:137 http://us.archive.ubuntu.com/ubuntu/ precise/main libpaper-utils amd64 1.1.24+nmu1build1 [9,040 B]
Get:138 http://us.archive.ubuntu.com/ubuntu/ precise/main libpcre3-dev amd64 8.12-4 [232 kB]
Get:139 http://us.archive.ubuntu.com/ubuntu/ precise/main libpng12-dev amd64 1.2.46-3ubuntu4 [207 kB]
Get:140 http://us.archive.ubuntu.com/ubuntu/ precise/main libutempter0 amd64 1.1.5-4 [8,060 B]
Get:141 http://us.archive.ubuntu.com/ubuntu/ precise-updates/main libxxf86dga1 amd64 2:1.1.2-1ubuntu0.1 [13.9 kB]
Get:142 http://us.archive.ubuntu.com/ubuntu/ precise/main zip amd64 3.0-4 [262 kB]
Get:143 http://us.archive.ubuntu.com/ubuntu/ precise/main unzip amd64 6.0-4ubuntu1 [192 kB]
Get:144 http://us.archive.ubuntu.com/ubuntu/ precise/main xdg-utils all 1.1.0~rc1-2ubuntu6 [66.6 kB]
Get:145 http://us.archive.ubuntu.com/ubuntu/ precise/main tcl8.5 amd64 8.5.11-1ubuntu1 [1,098 kB]
Get:146 http://us.archive.ubuntu.com/ubuntu/ precise/main tk8.5 amd64 8.5.11-1 [1,003 kB]
Get:147 http://us.archive.ubuntu.com/ubuntu/ precise-updates/main x11-utils amd64 7.6+4ubuntu0.1 [230 kB]
Get:148 http://us.archive.ubuntu.com/ubuntu/ precise/main x11-xserver-utils amd64 7.6+3 [182 kB]
Get:149 http://us.archive.ubuntu.com/ubuntu/ precise/main xbitmaps all 1.1.1-1 [27.5 kB]
Get:150 http://us.archive.ubuntu.com/ubuntu/ precise-updates/main xterm amd64 271-1ubuntu2.1 [565 kB]
dpkg-preconfigure: unable to re-open stdin: No such file or directory
Fetched 79.4 MB in 8min 15s (160 kB/s)
Selecting previously unselected package ttf-dejavu-core.
(Reading database ... 51862 files and directories currently installed.)
Unpacking ttf-dejavu-core (from .../ttf-dejavu-core_2.33-2ubuntu1_all.deb) ...
Selecting previously unselected package fontconfig-config.
Unpacking fontconfig-config (from .../fontconfig-config_2.8.0-3ubuntu9.1_all.deb) ...
Selecting previously unselected package libfontconfig1.
Unpacking libfontconfig1 (from .../libfontconfig1_2.8.0-3ubuntu9.1_amd64.deb) ...
Selecting previously unselected package libpixman-1-0.
Unpacking libpixman-1-0 (from .../libpixman-1-0_0.24.4-1_amd64.deb) ...
Selecting previously unselected package libxcb-render0.
Unpacking libxcb-render0 (from .../libxcb-render0_1.8.1-1ubuntu0.2_amd64.deb) ...
Selecting previously unselected package libxcb-shm0.
Unpacking libxcb-shm0 (from .../libxcb-shm0_1.8.1-1ubuntu0.2_amd64.deb) ...
Selecting previously unselected package libxrender1.
Unpacking libxrender1 (from .../libxrender1_1%3a0.9.6-2ubuntu0.1_amd64.deb) ...
Selecting previously unselected package libcairo2.
Unpacking libcairo2 (from .../libcairo2_1.10.2-6.1ubuntu3_amd64.deb) ...
Selecting previously unselected package libcroco3.
Unpacking libcroco3 (from .../libcroco3_0.6.5-1ubuntu0.1_amd64.deb) ...
Selecting previously unselected package libdatrie1.
Unpacking libdatrie1 (from .../libdatrie1_0.2.5-3_amd64.deb) ...
Selecting previously unselected package libunistring0.
Unpacking libunistring0 (from .../libunistring0_0.9.3-5_amd64.deb) ...
Selecting previously unselected package libgettextpo0.
Unpacking libgettextpo0 (from .../libgettextpo0_0.18.1.1-5ubuntu3_amd64.deb) ...
Selecting previously unselected package libgfortran3.
Unpacking libgfortran3 (from .../libgfortran3_4.6.3-1ubuntu5_amd64.deb) ...
Selecting previously unselected package libglapi-mesa.
Unpacking libglapi-mesa (from .../libglapi-mesa_8.0.4-0ubuntu0.6_amd64.deb) ...
Selecting previously unselected package libx11-xcb1.
Unpacking libx11-xcb1 (from .../libx11-xcb1_2%3a1.4.99.1-0ubuntu2.1_amd64.deb) ...
Selecting previously unselected package libxcb-glx0.
Unpacking libxcb-glx0 (from .../libxcb-glx0_1.8.1-1ubuntu0.2_amd64.deb) ...
Selecting previously unselected package libxdamage1.
Unpacking libxdamage1 (from .../libxdamage1_1%3a1.1.3-2build1_amd64.deb) ...
Selecting previously unselected package libxfixes3.
Unpacking libxfixes3 (from .../libxfixes3_1%3a5.0-4ubuntu4.1_amd64.deb) ...
Selecting previously unselected package libxxf86vm1.
Unpacking libxxf86vm1 (from .../libxxf86vm1_1%3a1.1.1-2ubuntu0.1_amd64.deb) ...
Selecting previously unselected package libgl1-mesa-glx.
Unpacking libgl1-mesa-glx (from .../libgl1-mesa-glx_8.0.4-0ubuntu0.6_amd64.deb) ...
Selecting previously unselected package x11-common.
Unpacking x11-common (from .../x11-common_1%3a7.6+12ubuntu2_all.deb) ...
Selecting previously unselected package libice6.
Unpacking libice6 (from .../libice6_2%3a1.0.7-2build1_amd64.deb) ...
Selecting previously unselected package libjpeg-turbo8.
Unpacking libjpeg-turbo8 (from .../libjpeg-turbo8_1.1.90+svn733-0ubuntu4.1_amd64.deb) ...
Selecting previously unselected package libllvm3.0.
Unpacking libllvm3.0 (from .../libllvm3.0_3.0-4ubuntu1_amd64.deb) ...
Selecting previously unselected package libthai-data.
Unpacking libthai-data (from .../libthai-data_0.1.16-3_all.deb) ...
Selecting previously unselected package libthai0.
Unpacking libthai0 (from .../libthai0_0.1.16-3_amd64.deb) ...
Selecting previously unselected package libxft2.
Unpacking libxft2 (from .../libxft2_2.2.0-3ubuntu2_amd64.deb) ...
Selecting previously unselected package fontconfig.
Unpacking fontconfig (from .../fontconfig_2.8.0-3ubuntu9.1_amd64.deb) ...
Selecting previously unselected package libpango1.0-0.
Unpacking libpango1.0-0 (from .../libpango1.0-0_1.30.0-0ubuntu3.1_amd64.deb) ...
Selecting previously unselected package libpcrecpp0.
Unpacking libpcrecpp0 (from .../libpcrecpp0_8.12-4_amd64.deb) ...
Selecting previously unselected package libsm6.
Unpacking libsm6 (from .../libsm6_2%3a1.2.0-2build1_amd64.deb) ...
Selecting previously unselected package libjpeg8.
Unpacking libjpeg8 (from .../libjpeg8_8c-2ubuntu7_amd64.deb) ...
Selecting previously unselected package libtiff4.
Unpacking libtiff4 (from .../libtiff4_3.9.5-2ubuntu1.5_amd64.deb) ...
Selecting previously unselected package libxt6.
Unpacking libxt6 (from .../libxt6_1%3a1.1.1-2ubuntu0.1_amd64.deb) ...
Selecting previously unselected package libxmu6.
Unpacking libxmu6 (from .../libxmu6_2%3a1.1.0-3_amd64.deb) ...
Selecting previously unselected package libxpm4.
Unpacking libxpm4 (from .../libxpm4_1%3a3.5.9-4_amd64.deb) ...
Selecting previously unselected package libxaw7.
Unpacking libxaw7 (from .../libxaw7_2%3a1.0.9-3ubuntu1_amd64.deb) ...
Selecting previously unselected package libxcb-shape0.
Unpacking libxcb-shape0 (from .../libxcb-shape0_1.8.1-1ubuntu0.2_amd64.deb) ...
Selecting previously unselected package libxcomposite1.
Unpacking libxcomposite1 (from .../libxcomposite1_1%3a0.4.3-2build1_amd64.deb) ...
Selecting previously unselected package libxcursor1.
Unpacking libxcursor1 (from .../libxcursor1_1%3a1.1.12-1ubuntu0.1_amd64.deb) ...
Selecting previously unselected package libxi6.
Unpacking libxi6 (from .../libxi6_2%3a1.6.0-0ubuntu2.1_amd64.deb) ...
Selecting previously unselected package libxinerama1.
Unpacking libxinerama1 (from .../libxinerama1_2%3a1.1.1-3ubuntu0.1_amd64.deb) ...
Selecting previously unselected package libxrandr2.
Unpacking libxrandr2 (from .../libxrandr2_2%3a1.3.2-2ubuntu0.2_amd64.deb) ...
Selecting previously unselected package libxss1.
Unpacking libxss1 (from .../libxss1_1%3a1.2.1-2_amd64.deb) ...
Selecting previously unselected package libxtst6.
Unpacking libxtst6 (from .../libxtst6_2%3a1.2.0-4ubuntu0.1_amd64.deb) ...
Selecting previously unselected package libxv1.
Unpacking libxv1 (from .../libxv1_2%3a1.0.6-2ubuntu0.1_amd64.deb) ...
Selecting previously unselected package m4.
Unpacking m4 (from .../m4_1.4.16-2ubuntu1_amd64.deb) ...
Selecting previously unselected package autoconf.
Unpacking autoconf (from .../autoconf_2.68-1ubuntu2_all.deb) ...
Selecting previously unselected package autotools-dev.
Unpacking autotools-dev (from .../autotools-dev_20120210.1ubuntu1_all.deb) ...
Selecting previously unselected package automake.
Unpacking automake (from .../automake_1%3a1.11.3-1ubuntu2_all.deb) ...
Selecting previously unselected package make.
Unpacking make (from .../make_3.81-8.1ubuntu1.1_amd64.deb) ...
Selecting previously unselected package libdpkg-perl.
Unpacking libdpkg-perl (from .../libdpkg-perl_1.16.1.2ubuntu7.1_all.deb) ...
Selecting previously unselected package patch.
Unpacking patch (from .../patch_2.6.1-3_amd64.deb) ...
Selecting previously unselected package dpkg-dev.
Unpacking dpkg-dev (from .../dpkg-dev_1.16.1.2ubuntu7.1_all.deb) ...
Selecting previously unselected package build-essential.
Unpacking build-essential (from .../build-essential_11.5ubuntu2.1_amd64.deb) ...
Selecting previously unselected package html2text.
Unpacking html2text (from .../html2text_1.3.2a-15_amd64.deb) ...
Selecting previously unselected package gettext.
Unpacking gettext (from .../gettext_0.18.1.1-5ubuntu3_amd64.deb) ...
Selecting previously unselected package intltool-debian.
Unpacking intltool-debian (from .../intltool-debian_0.35.0+20060710.1_all.deb) ...
Selecting previously unselected package po-debconf.
Unpacking po-debconf (from .../po-debconf_1.0.16+nmu2ubuntu1_all.deb) ...
Selecting previously unselected package dh-apparmor.
Unpacking dh-apparmor (from .../dh-apparmor_2.7.102-0ubuntu3.9_all.deb) ...
Selecting previously unselected package debhelper.
Unpacking debhelper (from .../debhelper_9.20120115ubuntu3_all.deb) ...
Selecting previously unselected package liburi-perl.
Unpacking liburi-perl (from .../liburi-perl_1.59-1_all.deb) ...
Selecting previously unselected package libencode-locale-perl.
Unpacking libencode-locale-perl (from .../libencode-locale-perl_1.02-2_all.deb) ...
Selecting previously unselected package libhttp-date-perl.
Unpacking libhttp-date-perl (from .../libhttp-date-perl_6.00-1_all.deb) ...
Selecting previously unselected package libfile-listing-perl.
Unpacking libfile-listing-perl (from .../libfile-listing-perl_6.03-1_all.deb) ...
Selecting previously unselected package libhtml-tagset-perl.
Unpacking libhtml-tagset-perl (from .../libhtml-tagset-perl_3.20-2_all.deb) ...
Selecting previously unselected package libhtml-parser-perl.
Unpacking libhtml-parser-perl (from .../libhtml-parser-perl_3.69-1build1_amd64.deb) ...
Selecting previously unselected package libhtml-tree-perl.
Unpacking libhtml-tree-perl (from .../libhtml-tree-perl_4.2-1_all.deb) ...
Selecting previously unselected package liblwp-mediatypes-perl.
Unpacking liblwp-mediatypes-perl (from .../liblwp-mediatypes-perl_6.01-1_all.deb) ...
Selecting previously unselected package libhttp-message-perl.
Unpacking libhttp-message-perl (from .../libhttp-message-perl_6.01-1_all.deb) ...
Selecting previously unselected package libhttp-cookies-perl.
Unpacking libhttp-cookies-perl (from .../libhttp-cookies-perl_6.00-2_all.deb) ...
Selecting previously unselected package libhttp-negotiate-perl.
Unpacking libhttp-negotiate-perl (from .../libhttp-negotiate-perl_6.00-2_all.deb) ...
Selecting previously unselected package libnet-http-perl.
Unpacking libnet-http-perl (from .../libnet-http-perl_6.02-1_all.deb) ...
Selecting previously unselected package libnet-ssleay-perl.
Unpacking libnet-ssleay-perl (from .../libnet-ssleay-perl_1.42-1build1_amd64.deb) ...
Selecting previously unselected package libio-socket-ssl-perl.
Unpacking libio-socket-ssl-perl (from .../libio-socket-ssl-perl_1.53-1_all.deb) ...
Selecting previously unselected package liblwp-protocol-https-perl.
Unpacking liblwp-protocol-https-perl (from .../liblwp-protocol-https-perl_6.02-1_all.deb) ...
Selecting previously unselected package libwww-robotrules-perl.
Unpacking libwww-robotrules-perl (from .../libwww-robotrules-perl_6.01-1_all.deb) ...
Selecting previously unselected package libwww-perl.
Unpacking libwww-perl (from .../libwww-perl_6.03-1_all.deb) ...
Selecting previously unselected package libxml-parser-perl.
Unpacking libxml-parser-perl (from .../libxml-parser-perl_2.41-1build1_amd64.deb) ...
Selecting previously unselected package intltool.
Unpacking intltool (from .../intltool_0.50.2-2_all.deb) ...
Selecting previously unselected package dh-translations.
Unpacking dh-translations (from .../dh-translations_116_all.deb) ...
Selecting previously unselected package python-scour.
Unpacking python-scour (from .../python-scour_0.26-3_all.deb) ...
Selecting previously unselected package cdbs.
Unpacking cdbs (from .../cdbs_0.4.100ubuntu2_all.deb) ...
Selecting previously unselected package fakeroot.
Unpacking fakeroot (from .../fakeroot_1.18.2-1_amd64.deb) ...
Selecting previously unselected package gfortran-4.6.
Unpacking gfortran-4.6 (from .../gfortran-4.6_4.6.3-1ubuntu5_amd64.deb) ...
Selecting previously unselected package gfortran.
Unpacking gfortran (from .../gfortran_4%3a4.6.3-1ubuntu5_amd64.deb) ...
Selecting previously unselected package libalgorithm-diff-perl.
Unpacking libalgorithm-diff-perl (from .../libalgorithm-diff-perl_1.19.02-2_all.deb) ...
Selecting previously unselected package libalgorithm-diff-xs-perl.
Unpacking libalgorithm-diff-xs-perl (from .../libalgorithm-diff-xs-perl_0.04-2build2_amd64.deb) ...
Selecting previously unselected package libalgorithm-merge-perl.
Unpacking libalgorithm-merge-perl (from .../libalgorithm-merge-perl_0.08-2_all.deb) ...
Selecting previously unselected package libblas3gf.
Unpacking libblas3gf (from .../libblas3gf_1.2.20110419-2ubuntu1_amd64.deb) ...
Selecting previously unselected package libblas-dev.
Unpacking libblas-dev (from .../libblas-dev_1.2.20110419-2ubuntu1_amd64.deb) ...
Selecting previously unselected package libbz2-dev.
Unpacking libbz2-dev (from .../libbz2-dev_1.0.6-1_amd64.deb) ...
Selecting previously unselected package libfile-basedir-perl.
Unpacking libfile-basedir-perl (from .../libfile-basedir-perl_0.03-1fakesync1_all.deb) ...
Selecting previously unselected package libfile-desktopentry-perl.
Unpacking libfile-desktopentry-perl (from .../libfile-desktopentry-perl_0.04-3_all.deb) ...
Selecting previously unselected package shared-mime-info.
Unpacking shared-mime-info (from .../shared-mime-info_1.0-0ubuntu4.1_amd64.deb) ...
Selecting previously unselected package libfile-mimeinfo-perl.
Unpacking libfile-mimeinfo-perl (from .../libfile-mimeinfo-perl_0.15-2_all.deb) ...
Selecting previously unselected package libfont-afm-perl.
Unpacking libfont-afm-perl (from .../libfont-afm-perl_1.20-1_all.deb) ...
Selecting previously unselected package libfontenc1.
Unpacking libfontenc1 (from .../libfontenc1_1%3a1.1.0-1_amd64.deb) ...
Selecting previously unselected package libgl1-mesa-dri.
Unpacking libgl1-mesa-dri (from .../libgl1-mesa-dri_8.0.4-0ubuntu0.6_amd64.deb) ...
Selecting previously unselected package libhtml-form-perl.
Unpacking libhtml-form-perl (from .../libhtml-form-perl_6.00-1_all.deb) ...
Selecting previously unselected package libhtml-format-perl.
Unpacking libhtml-format-perl (from .../libhtml-format-perl_2.10-1_all.deb) ...
Selecting previously unselected package libhttp-daemon-perl.
Unpacking libhttp-daemon-perl (from .../libhttp-daemon-perl_6.00-1_all.deb) ...
Selecting previously unselected package libsocket6-perl.
Unpacking libsocket6-perl (from .../libsocket6-perl_0.23-1build2_amd64.deb) ...
Selecting previously unselected package libio-socket-inet6-perl.
Unpacking libio-socket-inet6-perl (from .../libio-socket-inet6-perl_2.69-2_all.deb) ...
Selecting previously unselected package libjpeg-turbo8-dev.
Unpacking libjpeg-turbo8-dev (from .../libjpeg-turbo8-dev_1.1.90+svn733-0ubuntu4.1_amd64.deb) ...
Selecting previously unselected package libjpeg8-dev.
Unpacking libjpeg8-dev (from .../libjpeg8-dev_8c-2ubuntu7_amd64.deb) ...
Selecting previously unselected package libjpeg-dev.
Unpacking libjpeg-dev (from .../libjpeg-dev_8c-2ubuntu7_all.deb) ...
Selecting previously unselected package liblapack3gf.
Unpacking liblapack3gf (from .../liblapack3gf_3.3.1-1_amd64.deb) ...
Selecting previously unselected package liblapack-dev.
Unpacking liblapack-dev (from .../liblapack-dev_3.3.1-1_amd64.deb) ...
Selecting previously unselected package libsys-hostname-long-perl.
Unpacking libsys-hostname-long-perl (from .../libsys-hostname-long-perl_1.4-2_all.deb) ...
Selecting previously unselected package libmail-sendmail-perl.
Unpacking libmail-sendmail-perl (from .../libmail-sendmail-perl_0.79.16-1_all.deb) ...
Selecting previously unselected package libmailtools-perl.
Unpacking libmailtools-perl (from .../libmailtools-perl_2.08-1_all.deb) ...
Selecting previously unselected package libncurses5-dev.
Unpacking libncurses5-dev (from .../libncurses5-dev_5.9-4_amd64.deb) ...
Selecting previously unselected package libpaper1.
Unpacking libpaper1 (from .../libpaper1_1.1.24+nmu1build1_amd64.deb) ...
Selecting previously unselected package libpaper-utils.
Unpacking libpaper-utils (from .../libpaper-utils_1.1.24+nmu1build1_amd64.deb) ...
Selecting previously unselected package libpcre3-dev.
Unpacking libpcre3-dev (from .../libpcre3-dev_8.12-4_amd64.deb) ...
Selecting previously unselected package libpng12-dev.
Unpacking libpng12-dev (from .../libpng12-dev_1.2.46-3ubuntu4_amd64.deb) ...
Selecting previously unselected package libutempter0.
Unpacking libutempter0 (from .../libutempter0_1.1.5-4_amd64.deb) ...
Selecting previously unselected package libxxf86dga1.
Unpacking libxxf86dga1 (from .../libxxf86dga1_2%3a1.1.2-1ubuntu0.1_amd64.deb) ...
Selecting previously unselected package zip.
Unpacking zip (from .../archives/zip_3.0-4_amd64.deb) ...
Selecting previously unselected package unzip.
Unpacking unzip (from .../unzip_6.0-4ubuntu1_amd64.deb) ...
Selecting previously unselected package xdg-utils.
Unpacking xdg-utils (from .../xdg-utils_1.1.0~rc1-2ubuntu6_all.deb) ...
Selecting previously unselected package tcl8.5.
Unpacking tcl8.5 (from .../tcl8.5_8.5.11-1ubuntu1_amd64.deb) ...
Selecting previously unselected package tk8.5.
Unpacking tk8.5 (from .../tk8.5_8.5.11-1_amd64.deb) ...
Selecting previously unselected package r-base-core.
Unpacking r-base-core (from .../r-base-core_3.0.1-6precise0_amd64.deb) ...
Selecting previously unselected package r-cran-boot.
Unpacking r-cran-boot (from .../r-cran-boot_1.3-9-1precise0_all.deb) ...
Selecting previously unselected package r-cran-cluster.
Unpacking r-cran-cluster (from .../r-cran-cluster_1.14.4-1precise0_amd64.deb) ...
Selecting previously unselected package r-cran-foreign.
Unpacking r-cran-foreign (from .../r-cran-foreign_0.8.55-1precise0_amd64.deb) ...
Selecting previously unselected package r-cran-mass.
Unpacking r-cran-mass (from .../r-cran-mass_7.3-29-1precise0_amd64.deb) ...
Selecting previously unselected package r-cran-kernsmooth.
Unpacking r-cran-kernsmooth (from .../r-cran-kernsmooth_2.23-10-2precise0_amd64.deb) ...
Selecting previously unselected package r-cran-lattice.
Unpacking r-cran-lattice (from .../r-cran-lattice_0.20-23-1precise0_amd64.deb) ...
Selecting previously unselected package r-cran-nlme.
Unpacking r-cran-nlme (from .../r-cran-nlme_3.1.111-1precise0_amd64.deb) ...
Selecting previously unselected package r-cran-matrix.
Unpacking r-cran-matrix (from .../r-cran-matrix_1.0-12-1precise0_amd64.deb) ...
Selecting previously unselected package r-cran-mgcv.
Unpacking r-cran-mgcv (from .../r-cran-mgcv_1.7-24-1precise0_amd64.deb) ...
Selecting previously unselected package r-cran-survival.
Unpacking r-cran-survival (from .../r-cran-survival_2.37-4-2precise0_amd64.deb) ...
Selecting previously unselected package r-cran-rpart.
Unpacking r-cran-rpart (from .../r-cran-rpart_4.1-3-1precise0_amd64.deb) ...
Selecting previously unselected package r-cran-class.
Unpacking r-cran-class (from .../r-cran-class_7.3-9-1precise0_amd64.deb) ...
Selecting previously unselected package r-cran-nnet.
Unpacking r-cran-nnet (from .../r-cran-nnet_7.3-7-1precise0_amd64.deb) ...
Selecting previously unselected package r-cran-spatial.
Unpacking r-cran-spatial (from .../r-cran-spatial_7.3-6-1precise0_amd64.deb) ...
Selecting previously unselected package r-cran-codetools.
Unpacking r-cran-codetools (from .../r-cran-codetools_0.2-8-2precise0_all.deb) ...
Selecting previously unselected package r-recommended.
Unpacking r-recommended (from .../r-recommended_3.0.1-6precise0_all.deb) ...
Selecting previously unselected package r-base.
Unpacking r-base (from .../r-base_3.0.1-6precise0_all.deb) ...
Selecting previously unselected package r-base-dev.
Unpacking r-base-dev (from .../r-base-dev_3.0.1-6precise0_all.deb) ...
Selecting previously unselected package r-doc-html.
Unpacking r-doc-html (from .../r-doc-html_3.0.1-6precise0_all.deb) ...
Selecting previously unselected package x11-utils.
Unpacking x11-utils (from .../x11-utils_7.6+4ubuntu0.1_amd64.deb) ...
Selecting previously unselected package x11-xserver-utils.
Unpacking x11-xserver-utils (from .../x11-xserver-utils_7.6+3_amd64.deb) ...
Selecting previously unselected package xbitmaps.
Unpacking xbitmaps (from .../xbitmaps_1.1.1-1_all.deb) ...
Selecting previously unselected package xterm.
Unpacking xterm (from .../xterm_271-1ubuntu2.1_amd64.deb) ...
Selecting previously unselected package r-base-html.
Unpacking r-base-html (from .../r-base-html_3.0.1-6precise0_all.deb) ...
Processing triggers for man-db ...
Processing triggers for ureadahead ...
ureadahead will be reprofiled on next reboot
Processing triggers for install-info ...
Setting up ttf-dejavu-core (2.33-2ubuntu1) ...
Setting up fontconfig-config (2.8.0-3ubuntu9.1) ...
Setting up libfontconfig1 (2.8.0-3ubuntu9.1) ...
Setting up libpixman-1-0 (0.24.4-1) ...
Setting up libxcb-render0 (1.8.1-1ubuntu0.2) ...
Setting up libxcb-shm0 (1.8.1-1ubuntu0.2) ...
Setting up libxrender1 (1:0.9.6-2ubuntu0.1) ...
Setting up libcairo2 (1.10.2-6.1ubuntu3) ...
Setting up libcroco3 (0.6.5-1ubuntu0.1) ...
Setting up libdatrie1 (0.2.5-3) ...
Setting up libunistring0 (0.9.3-5) ...
Setting up libgettextpo0 (0.18.1.1-5ubuntu3) ...
Setting up libgfortran3 (4.6.3-1ubuntu5) ...
Setting up libglapi-mesa (8.0.4-0ubuntu0.6) ...
Setting up libx11-xcb1 (2:1.4.99.1-0ubuntu2.1) ...
Setting up libxcb-glx0 (1.8.1-1ubuntu0.2) ...
Setting up libxdamage1 (1:1.1.3-2build1) ...
Setting up libxfixes3 (1:5.0-4ubuntu4.1) ...
Setting up libxxf86vm1 (1:1.1.1-2ubuntu0.1) ...
Setting up libgl1-mesa-glx (8.0.4-0ubuntu0.6) ...
update-alternatives: using /usr/lib/x86_64-linux-gnu/mesa/ld.so.conf to provide /etc/ld.so.conf.d/x86_64-linux-gnu_GL.conf (x86_64-linux-gnu_gl_conf) in auto mode.
Setting up x11-common (1:7.6+12ubuntu2) ...
Setting up libice6 (2:1.0.7-2build1) ...
Setting up libjpeg-turbo8 (1.1.90+svn733-0ubuntu4.1) ...
Setting up libllvm3.0 (3.0-4ubuntu1) ...
Setting up libthai-data (0.1.16-3) ...
Setting up libthai0 (0.1.16-3) ...
Setting up libxft2 (2.2.0-3ubuntu2) ...
Setting up fontconfig (2.8.0-3ubuntu9.1) ...
Cleaning up old fontconfig caches... done.
Regenerating fonts cache... done.
Setting up libpango1.0-0 (1.30.0-0ubuntu3.1) ...
Setting up libpcrecpp0 (8.12-4) ...
Setting up libsm6 (2:1.2.0-2build1) ...
Setting up libjpeg8 (8c-2ubuntu7) ...
Setting up libtiff4 (3.9.5-2ubuntu1.5) ...
Setting up libxt6 (1:1.1.1-2ubuntu0.1) ...
Setting up libxmu6 (2:1.1.0-3) ...
Setting up libxpm4 (1:3.5.9-4) ...
Setting up libxaw7 (2:1.0.9-3ubuntu1) ...
Setting up libxcb-shape0 (1.8.1-1ubuntu0.2) ...
Setting up libxcomposite1 (1:0.4.3-2build1) ...
Setting up libxcursor1 (1:1.1.12-1ubuntu0.1) ...
Setting up libxi6 (2:1.6.0-0ubuntu2.1) ...
Setting up libxinerama1 (2:1.1.1-3ubuntu0.1) ...
Setting up libxrandr2 (2:1.3.2-2ubuntu0.2) ...
Setting up libxss1 (1:1.2.1-2) ...
Setting up libxtst6 (2:1.2.0-4ubuntu0.1) ...
Setting up libxv1 (2:1.0.6-2ubuntu0.1) ...
Setting up m4 (1.4.16-2ubuntu1) ...
Setting up autoconf (2.68-1ubuntu2) ...
Setting up autotools-dev (20120210.1ubuntu1) ...
Setting up automake (1:1.11.3-1ubuntu2) ...
update-alternatives: using /usr/bin/automake-1.11 to provide /usr/bin/automake (automake) in auto mode.
Setting up make (3.81-8.1ubuntu1.1) ...
Setting up libdpkg-perl (1.16.1.2ubuntu7.1) ...
Setting up patch (2.6.1-3) ...
Setting up dpkg-dev (1.16.1.2ubuntu7.1) ...
Setting up build-essential (11.5ubuntu2.1) ...
Setting up html2text (1.3.2a-15) ...
Setting up gettext (0.18.1.1-5ubuntu3) ...
Setting up intltool-debian (0.35.0+20060710.1) ...
Setting up po-debconf (1.0.16+nmu2ubuntu1) ...
Setting up dh-apparmor (2.7.102-0ubuntu3.9) ...
Setting up debhelper (9.20120115ubuntu3) ...
Setting up liburi-perl (1.59-1) ...
Setting up libencode-locale-perl (1.02-2) ...
Setting up libhttp-date-perl (6.00-1) ...
Setting up libfile-listing-perl (6.03-1) ...
Setting up libhtml-tagset-perl (3.20-2) ...
Setting up libhtml-parser-perl (3.69-1build1) ...
Setting up libhtml-tree-perl (4.2-1) ...
Setting up liblwp-mediatypes-perl (6.01-1) ...
Setting up libhttp-message-perl (6.01-1) ...
Setting up libhttp-cookies-perl (6.00-2) ...
Setting up libhttp-negotiate-perl (6.00-2) ...
Setting up libnet-http-perl (6.02-1) ...
Setting up libnet-ssleay-perl (1.42-1build1) ...
Setting up libio-socket-ssl-perl (1.53-1) ...
Setting up libwww-robotrules-perl (6.01-1) ...
Setting up python-scour (0.26-3) ...
Setting up fakeroot (1.18.2-1) ...
update-alternatives: using /usr/bin/fakeroot-sysv to provide /usr/bin/fakeroot (fakeroot) in auto mode.
Setting up gfortran-4.6 (4.6.3-1ubuntu5) ...
Setting up gfortran (4:4.6.3-1ubuntu5) ...
update-alternatives: using /usr/bin/gfortran to provide /usr/bin/f95 (f95) in auto mode.
Setting up libalgorithm-diff-perl (1.19.02-2) ...
Setting up libalgorithm-diff-xs-perl (0.04-2build2) ...
Setting up libalgorithm-merge-perl (0.08-2) ...
Setting up libblas3gf (1.2.20110419-2ubuntu1) ...
update-alternatives: using /usr/lib/libblas/libblas.so.3gf to provide /usr/lib/libblas.so.3gf (libblas.so.3gf) in auto mode.
Setting up libblas-dev (1.2.20110419-2ubuntu1) ...
update-alternatives: using /usr/lib/libblas/libblas.so to provide /usr/lib/libblas.so (libblas.so) in auto mode.
Setting up libbz2-dev (1.0.6-1) ...
Setting up libfile-basedir-perl (0.03-1fakesync1) ...
Setting up libfile-desktopentry-perl (0.04-3) ...
Setting up shared-mime-info (1.0-0ubuntu4.1) ...
Setting up libfile-mimeinfo-perl (0.15-2) ...
Setting up libfont-afm-perl (1.20-1) ...
Setting up libfontenc1 (1:1.1.0-1) ...
Setting up libgl1-mesa-dri (8.0.4-0ubuntu0.6) ...
Setting up libhtml-form-perl (6.00-1) ...
Setting up libhtml-format-perl (2.10-1) ...
Setting up libhttp-daemon-perl (6.00-1) ...
Setting up libsocket6-perl (0.23-1build2) ...
Setting up libio-socket-inet6-perl (2.69-2) ...
Setting up libjpeg-turbo8-dev (1.1.90+svn733-0ubuntu4.1) ...
Setting up libjpeg8-dev (8c-2ubuntu7) ...
Setting up libjpeg-dev (8c-2ubuntu7) ...
Setting up liblapack3gf (3.3.1-1) ...
update-alternatives: using /usr/lib/lapack/liblapack.so.3gf to provide /usr/lib/liblapack.so.3gf (liblapack.so.3gf) in auto mode.
Setting up liblapack-dev (3.3.1-1) ...
update-alternatives: using /usr/lib/lapack/liblapack.so to provide /usr/lib/liblapack.so (liblapack.so) in auto mode.
Setting up libsys-hostname-long-perl (1.4-2) ...
Setting up libmail-sendmail-perl (0.79.16-1) ...
Setting up libmailtools-perl (2.08-1) ...
Setting up libncurses5-dev (5.9-4) ...
Setting up libpaper1 (1.1.24+nmu1build1) ...

Creating config file /etc/papersize with new version
Setting up libpaper-utils (1.1.24+nmu1build1) ...
Setting up libpcre3-dev (8.12-4) ...
Setting up libpng12-dev (1.2.46-3ubuntu4) ...
Setting up libutempter0 (1.1.5-4) ...
Creating utempter group...
Setting up libxxf86dga1 (2:1.1.2-1ubuntu0.1) ...
Setting up zip (3.0-4) ...
Setting up unzip (6.0-4ubuntu1) ...
Setting up xdg-utils (1.1.0~rc1-2ubuntu6) ...
Setting up tcl8.5 (8.5.11-1ubuntu1) ...
update-alternatives: using /usr/bin/tclsh8.5 to provide /usr/bin/tclsh (tclsh) in auto mode.
Setting up tk8.5 (8.5.11-1) ...
update-alternatives: using /usr/bin/wish8.5 to provide /usr/bin/wish (wish) in auto mode.
Setting up r-base-core (3.0.1-6precise0) ...

Creating config file /etc/R/Renviron with new version
Setting up r-cran-boot (1.3-9-1precise0) ...
Setting up r-cran-cluster (1.14.4-1precise0) ...
Setting up r-cran-foreign (0.8.55-1precise0) ...
Setting up r-cran-mass (7.3-29-1precise0) ...
Setting up r-cran-kernsmooth (2.23-10-2precise0) ...
Setting up r-cran-lattice (0.20-23-1precise0) ...
Setting up r-cran-nlme (3.1.111-1precise0) ...
Setting up r-cran-matrix (1.0-12-1precise0) ...
Setting up r-cran-mgcv (1.7-24-1precise0) ...
Setting up r-cran-survival (2.37-4-2precise0) ...
Setting up r-cran-rpart (4.1-3-1precise0) ...
Setting up r-cran-class (7.3-9-1precise0) ...
Setting up r-cran-nnet (7.3-7-1precise0) ...
Setting up r-cran-spatial (7.3-6-1precise0) ...
Setting up r-cran-codetools (0.2-8-2precise0) ...
Setting up r-recommended (3.0.1-6precise0) ...
Setting up r-base (3.0.1-6precise0) ...
Setting up r-doc-html (3.0.1-6precise0) ...
Setting up x11-utils (7.6+4ubuntu0.1) ...
Setting up x11-xserver-utils (7.6+3) ...
Setting up xbitmaps (1.1.1-1) ...
Setting up xterm (271-1ubuntu2.1) ...
update-alternatives: using /usr/bin/xterm to provide /usr/bin/x-terminal-emulator (x-terminal-emulator) in auto mode.
update-alternatives: using /usr/bin/uxterm to provide /usr/bin/x-terminal-emulator (x-terminal-emulator) in auto mode.
update-alternatives: using /usr/bin/lxterm to provide /usr/bin/x-terminal-emulator (x-terminal-emulator) in auto mode.
Setting up r-base-html (3.0.1-6precise0) ...
Setting up liblwp-protocol-https-perl (6.02-1) ...
Setting up libwww-perl (6.03-1) ...
Setting up libxml-parser-perl (2.41-1build1) ...
Setting up intltool (0.50.2-2) ...
Setting up dh-translations (116) ...
Setting up cdbs (0.4.100ubuntu2) ...
Setting up r-base-dev (3.0.1-6precise0) ...
Processing triggers for libc-bin ...
ldconfig deferred processing now taking place
Reading package lists...
Building dependency tree...
Reading state information...
The following extra packages will be installed:
  chromium-browser-l10n chromium-codecs-ffmpeg gconf-service
  gconf-service-backend gconf2-common hicolor-icon-theme libasound2
  libatk1.0-0 libatk1.0-data libavahi-client3 libavahi-common-data
  libavahi-common3 libcups2 libgconf-2-4 libgdk-pixbuf2.0-0
  libgdk-pixbuf2.0-common libgnome-keyring-common libgnome-keyring0
  libgtk2.0-0 libgtk2.0-bin libgtk2.0-common libjasper1 libnspr4 libnss3
  libnss3-1d
Suggested packages:
  libasound2-plugins libasound2-python cups-common gnome-keyring
  librsvg2-common gvfs libjasper-runtime
The following NEW packages will be installed:
  chromium-browser chromium-browser-l10n chromium-codecs-ffmpeg gconf-service
  gconf-service-backend gconf2-common hicolor-icon-theme libasound2
  libatk1.0-0 libatk1.0-data libavahi-client3 libavahi-common-data
  libavahi-common3 libcups2 libgconf-2-4 libgdk-pixbuf2.0-0
  libgdk-pixbuf2.0-common libgnome-keyring-common libgnome-keyring0
  libgtk2.0-0 libgtk2.0-bin libgtk2.0-common libjasper1 libnspr4 libnss3
  libnss3-1d
0 upgraded, 26 newly installed, 0 to remove and 151 not upgraded.
Need to get 37.9 MB of archives.
After this operation, 152 MB of additional disk space will be used.
Get:1 http://us.archive.ubuntu.com/ubuntu/ precise/main gconf2-common all 3.2.5-0ubuntu2 [22.1 kB]
Get:2 http://us.archive.ubuntu.com/ubuntu/ precise/main libgconf-2-4 amd64 3.2.5-0ubuntu2 [97.2 kB]
Get:3 http://us.archive.ubuntu.com/ubuntu/ precise/main gconf-service-backend amd64 3.2.5-0ubuntu2 [74.1 kB]
Get:4 http://us.archive.ubuntu.com/ubuntu/ precise/main gconf-service amd64 3.2.5-0ubuntu2 [2,012 B]
Get:5 http://us.archive.ubuntu.com/ubuntu/ precise-updates/main libasound2 amd64 1.0.25-1ubuntu10.2 [428 kB]
Get:6 http://us.archive.ubuntu.com/ubuntu/ precise/main libatk1.0-data all 2.4.0-0ubuntu1 [12.7 kB]
Get:7 http://us.archive.ubuntu.com/ubuntu/ precise/main libatk1.0-0 amd64 2.4.0-0ubuntu1 [60.1 kB]
Get:8 http://us.archive.ubuntu.com/ubuntu/ precise/main libavahi-common-data amd64 0.6.30-5ubuntu2 [22.2 kB]
Get:9 http://us.archive.ubuntu.com/ubuntu/ precise/main libavahi-common3 amd64 0.6.30-5ubuntu2 [25.5 kB]
Get:10 http://us.archive.ubuntu.com/ubuntu/ precise/main libavahi-client3 amd64 0.6.30-5ubuntu2 [30.3 kB]
Get:11 http://us.archive.ubuntu.com/ubuntu/ precise-updates/main libcups2 amd64 1.5.3-0ubuntu8 [171 kB]
Get:12 http://us.archive.ubuntu.com/ubuntu/ precise/main libjasper1 amd64 1.900.1-13 [154 kB]
Get:13 http://us.archive.ubuntu.com/ubuntu/ precise/main libgdk-pixbuf2.0-common all 2.26.1-1 [7,818 B]
Get:14 http://us.archive.ubuntu.com/ubuntu/ precise/main libgdk-pixbuf2.0-0 amd64 2.26.1-1 [201 kB]
Get:15 http://us.archive.ubuntu.com/ubuntu/ precise/main libgnome-keyring-common all 3.2.2-2 [5,060 B]
Get:16 http://us.archive.ubuntu.com/ubuntu/ precise/main libgnome-keyring0 amd64 3.2.2-2 [62.6 kB]
Get:17 http://us.archive.ubuntu.com/ubuntu/ precise/main libgtk2.0-common all 2.24.10-0ubuntu6 [119 kB]
Get:18 http://us.archive.ubuntu.com/ubuntu/ precise/main libgtk2.0-0 amd64 2.24.10-0ubuntu6 [2,674 kB]
Get:19 http://us.archive.ubuntu.com/ubuntu/ precise-updates/main libnspr4 amd64 4.9.5-0ubuntu0.12.04.1 [141 kB]
Get:20 http://us.archive.ubuntu.com/ubuntu/ precise-updates/main libnss3 amd64 3.14.3-0ubuntu0.12.04.1 [1,196 kB]
Get:21 http://us.archive.ubuntu.com/ubuntu/ precise-updates/main libnss3-1d amd64 3.14.3-0ubuntu0.12.04.1 [13.4 kB]
Get:22 http://us.archive.ubuntu.com/ubuntu/ precise-updates/universe chromium-codecs-ffmpeg amd64 28.0.1500.71-0ubuntu1.12.04.1 [407 kB]
Get:23 http://us.archive.ubuntu.com/ubuntu/ precise-updates/universe chromium-browser amd64 28.0.1500.71-0ubuntu1.12.04.1 [29.2 MB]
